[01m[K/home/adminuser/ws_moveit/src/motion_planning/src/velocity_scaling.cpp:[m[K In function â€˜[01m[Kint main(int, char**)[m[Kâ€™:
[01m[K/home/adminuser/ws_moveit/src/motion_planning/src/velocity_scaling.cpp:170:3:[m[K [01;31m[Kerror: [m[Kâ€˜[01m[Kint32[m[Kâ€™ was not declared in this scope
   [01;31m[Kint32[m[K spd = 1.2;
   [01;31m[K^~~~~[m[K
[01m[K/home/adminuser/ws_moveit/src/motion_planning/src/velocity_scaling.cpp:170:3:[m[K [01;36m[Knote: [m[Ksuggested alternative: â€˜[01m[Krintf32[m[Kâ€™
   [01;36m[Kint32[m[K spd = 1.2;
   [01;36m[K^~~~~[m[K
   [32m[Krintf32[m[K
[01m[K/home/adminuser/ws_moveit/src/motion_planning/src/velocity_scaling.cpp:173:145:[m[K [01;31m[Kerror: [m[Kâ€˜[01m[Kspd[m[Kâ€™ was not declared in this scope
     my_plan2.trajectory_.joint_trajectory.points[i].time_from_start = my_plan2.trajectory_.joint_trajectory.points[i].time_from_start.toSec() / [01;31m[Kspd[m[K;
                                                                                                                                                 [01;31m[K^~~[m[K
make[2]: *** [CMakeFiles/velocity_scaling.dir/src/velocity_scaling.cpp.o] Error 1
make[1]: *** [CMakeFiles/velocity_scaling.dir/all] Error 2
make: *** [all] Error 2
