[01m[K/home/adminuser/ws_moveit/src/motion_planning/src/velocity_scaling.cpp:[m[K In function â€˜[01m[Kint main(int, char**)[m[Kâ€™:
[01m[K/home/adminuser/ws_moveit/src/motion_planning/src/velocity_scaling.cpp:173:135:[m[K [01;31m[Kerror: [m[Kno match for â€˜[01m[Koperator/[m[Kâ€™ (operand types are â€˜[01m[Ktrajectory_msgs::JointTrajectoryPoint_<std::allocator<void> >::_time_from_start_type {aka ros::Duration}[m[Kâ€™ and â€˜[01m[Kdouble[m[Kâ€™)
     my_plan2.trajectory_.joint_trajectory.points[i].time_from_start = my_plan2.trajectory_.joint_trajectory.points[i].time_from_start / spd;
In file included from [01m[K/usr/include/boost/config/no_tr1/complex.hpp:21:0[m[K,
                 from [01m[K/usr/include/boost/math/policies/error_handling.hpp:17[m[K,
                 from [01m[K/usr/include/boost/math/special_functions/round.hpp:14[m[K,
                 from [01m[K/opt/ros/melodic/include/ros/time.h:58[m[K,
                 from [01m[K/opt/ros/melodic/include/ros/serialization.h:34[m[K,
                 from [01m[K/opt/ros/melodic/include/sensor_msgs/PointCloud.h:14[m[K,
                 from [01m[K/opt/ros/melodic/include/tf/transform_listener.h:35[m[K,
                 from [01m[K/home/adminuser/ws_moveit/src/motion_planning/src/velocity_scaling.cpp:3[m[K:
[01m[K/usr/include/c++/7/complex:416:5:[m[K [01;36m[Knote: [m[Kcandidate: template<class _Tp> std::complex<_Tp> std::operator/(const std::complex<_Tp>&, const std::complex<_Tp>&)
     [01;36m[Koperator[m[K/(const complex<_Tp>& __x, const complex<_Tp>& __y)
     [01;36m[K^~~~~~~~[m[K
[01m[K/usr/include/c++/7/complex:416:5:[m[K [01;36m[Knote: [m[K  template argument deduction/substitution failed:
[01m[K/home/adminuser/ws_moveit/src/motion_planning/src/velocity_scaling.cpp:173:137:[m[K [01;36m[Knote: [m[K  â€˜[01m[Ktrajectory_msgs::JointTrajectoryPoint_<std::allocator<void> >::_time_from_start_type {aka ros::Duration}[m[Kâ€™ is not derived from â€˜[01m[Kconst std::complex<_Tp>[m[Kâ€™
     my_plan2.trajectory_.joint_trajectory.points[i].time_from_start = my_plan2.trajectory_.joint_trajectory.points[i].time_from_start / [01;36m[Kspd[m[K;
                                                                                                                                         [01;36m[K^~~[m[K
In file included from [01m[K/usr/include/boost/config/no_tr1/complex.hpp:21:0[m[K,
                 from [01m[K/usr/include/boost/math/policies/error_handling.hpp:17[m[K,
                 from [01m[K/usr/include/boost/math/special_functions/round.hpp:14[m[K,
                 from [01m[K/opt/ros/melodic/include/ros/time.h:58[m[K,
                 from [01m[K/opt/ros/melodic/include/ros/serialization.h:34[m[K,
                 from [01m[K/opt/ros/melodic/include/sensor_msgs/PointCloud.h:14[m[K,
                 from [01m[K/opt/ros/melodic/include/tf/transform_listener.h:35[m[K,
                 from [01m[K/home/adminuser/ws_moveit/src/motion_planning/src/velocity_scaling.cpp:3[m[K:
[01m[K/usr/include/c++/7/complex:425:5:[m[K [01;36m[Knote: [m[Kcandidate: template<class _Tp> std::complex<_Tp> std::operator/(const std::complex<_Tp>&, const _Tp&)
     [01;36m[Koperator[m[K/(const complex<_Tp>& __x, const _Tp& __y)
     [01;36m[K^~~~~~~~[m[K
[01m[K/usr/include/c++/7/complex:425:5:[m[K [01;36m[Knote: [m[K  template argument deduction/substitution failed:
[01m[K/home/adminuser/ws_moveit/src/motion_planning/src/velocity_scaling.cpp:173:137:[m[K [01;36m[Knote: [m[K  â€˜[01m[Ktrajectory_msgs::JointTrajectoryPoint_<std::allocator<void> >::_time_from_start_type {aka ros::Duration}[m[Kâ€™ is not derived from â€˜[01m[Kconst std::complex<_Tp>[m[Kâ€™
     my_plan2.trajectory_.joint_trajectory.points[i].time_from_start = my_plan2.trajectory_.joint_trajectory.points[i].time_from_start / [01;36m[Kspd[m[K;
                                                                                                                                         [01;36m[K^~~[m[K
In file included from [01m[K/usr/include/boost/config/no_tr1/complex.hpp:21:0[m[K,
                 from [01m[K/usr/include/boost/math/policies/error_handling.hpp:17[m[K,
                 from [01m[K/usr/include/boost/math/special_functions/round.hpp:14[m[K,
                 from [01m[K/opt/ros/melodic/include/ros/time.h:58[m[K,
                 from [01m[K/opt/ros/melodic/include/ros/serialization.h:34[m[K,
                 from [01m[K/opt/ros/melodic/include/sensor_msgs/PointCloud.h:14[m[K,
                 from [01m[K/opt/ros/melodic/include/tf/transform_listener.h:35[m[K,
                 from [01m[K/home/adminuser/ws_moveit/src/motion_planning/src/velocity_scaling.cpp:3[m[K:
[01m[K/usr/include/c++/7/complex:434:5:[m[K [01;36m[Knote: [m[Kcandidate: template<class _Tp> std::complex<_Tp> std::operator/(const _Tp&, const std::complex<_Tp>&)
     [01;36m[Koperator[m[K/(const _Tp& __x, const complex<_Tp>& __y)
     [01;36m[K^~~~~~~~[m[K
[01m[K/usr/include/c++/7/complex:434:5:[m[K [01;36m[Knote: [m[K  template argument deduction/substitution failed:
[01m[K/home/adminuser/ws_moveit/src/motion_planning/src/velocity_scaling.cpp:173:137:[m[K [01;36m[Knote: [m[K  mismatched types â€˜[01m[Kconst std::complex<_Tp>[m[Kâ€™ and â€˜[01m[Kdouble[m[Kâ€™
     my_plan2.trajectory_.joint_trajectory.points[i].time_from_start = my_plan2.trajectory_.joint_trajectory.points[i].time_from_start / [01;36m[Kspd[m[K;
                                                                                                                                         [01;36m[K^~~[m[K
make[2]: *** [CMakeFiles/velocity_scaling.dir/src/velocity_scaling.cpp.o] Error 1
make[1]: *** [CMakeFiles/velocity_scaling.dir/all] Error 2
make: *** [all] Error 2
