[01m[K/home/adminuser/ws_moveit/src/motion_planning/src/velocity_scaling.cpp:[m[K In function â€˜[01m[Kint main(int, char**)[m[Kâ€™:
[01m[K/home/adminuser/ws_moveit/src/motion_planning/src/velocity_scaling.cpp:173:135:[m[K [01;31m[Kerror: [m[Kâ€˜[01m[Ktrajectory_msgs::JointTrajectoryPoint_<std::allocator<void> >::_time_from_start_type {aka class ros::Duration}[m[Kâ€™ has no member named â€˜[01m[K_div_[m[Kâ€™
     my_plan2.trajectory_.joint_trajectory.points[i].time_from_start = my_plan2.trajectory_.joint_trajectory.points[i].time_from_start.[01;31m[K_div_[m[K(spd);
                                                                                                                                       [01;31m[K^~~~~[m[K
make[2]: *** [CMakeFiles/velocity_scaling.dir/src/velocity_scaling.cpp.o] Error 1
make[1]: *** [CMakeFiles/velocity_scaling.dir/all] Error 2
make: *** [all] Error 2
